<?xml version="1.0" encoding="UTF-8"?>
<testng-results ignored="0" total="3" passed="3" failed="0" skipped="0">
  <reporter-output>
  </reporter-output>
  <suite started-at="2024-01-18T11:20:30 IST" name="AmazonFlipkart" finished-at="2024-01-18T11:21:03 IST" duration-ms="33184">
    <groups>
    </groups>
    <test started-at="2024-01-18T11:20:30 IST" name="AmazonFlipkart" finished-at="2024-01-18T11:21:03 IST" duration-ms="33184">
      <class name="testCase.Test1">
        <test-method is-config="true" signature="setup()[pri:0, instance:testCase.Test1@72ccd81a]" started-at="2024-01-18T11:21:00 IST" name="setup" finished-at="2024-01-18T11:21:02 IST" duration-ms="2646" status="PASS">
          <reporter-output>
          </reporter-output>
        </test-method> <!-- setup -->
        <test-method signature="finaltest()[pri:0, instance:testCase.Test1@72ccd81a]" started-at="2024-01-18T11:21:02 IST" name="finaltest" finished-at="2024-01-18T11:21:02 IST" duration-ms="6" status="PASS">
          <reporter-output>
          </reporter-output>
        </test-method> <!-- finaltest -->
        <test-method is-config="true" signature="tearDown()[pri:0, instance:testCase.Test1@72ccd81a]" started-at="2024-01-18T11:21:02 IST" name="tearDown" finished-at="2024-01-18T11:21:03 IST" duration-ms="583" status="PASS">
          <reporter-output>
          </reporter-output>
        </test-method> <!-- tearDown -->
      </class> <!-- testCase.Test1 -->
      <class name="testCase.AmazonIphonePriceTest">
        <test-method is-config="true" signature="setup()[pri:0, instance:testCase.AmazonIphonePriceTest@4b6579e8]" started-at="2024-01-18T11:20:30 IST" name="setup" finished-at="2024-01-18T11:20:33 IST" duration-ms="3103" status="PASS">
          <reporter-output>
          </reporter-output>
        </test-method> <!-- setup -->
        <test-method signature="price_compare()[pri:0, instance:testCase.AmazonIphonePriceTest@4b6579e8]" started-at="2024-01-18T11:20:33 IST" name="price_compare" finished-at="2024-01-18T11:20:41 IST" duration-ms="7857" status="PASS">
          <reporter-output>
          </reporter-output>
        </test-method> <!-- price_compare -->
        <test-method is-config="true" signature="tearDown()[pri:0, instance:testCase.AmazonIphonePriceTest@4b6579e8]" started-at="2024-01-18T11:20:41 IST" name="tearDown" finished-at="2024-01-18T11:20:41 IST" duration-ms="410" status="PASS">
          <reporter-output>
          </reporter-output>
        </test-method> <!-- tearDown -->
      </class> <!-- testCase.AmazonIphonePriceTest -->
      <class name="testCase.FlipkartTest">
        <test-method is-config="true" signature="setup()[pri:0, instance:testCase.FlipkartTest@593e824f]" started-at="2024-01-18T11:20:41 IST" name="setup" finished-at="2024-01-18T11:20:43 IST" duration-ms="1723" status="PASS">
          <reporter-output>
          </reporter-output>
        </test-method> <!-- setup -->
        <test-method signature="price_compareFlipkart()[pri:0, instance:testCase.FlipkartTest@593e824f]" started-at="2024-01-18T11:20:43 IST" name="price_compareFlipkart" finished-at="2024-01-18T11:20:59 IST" duration-ms="16108" status="PASS">
          <reporter-output>
          </reporter-output>
        </test-method> <!-- price_compareFlipkart -->
        <test-method is-config="true" signature="tearDown()[pri:0, instance:testCase.FlipkartTest@593e824f]" started-at="2024-01-18T11:20:59 IST" name="tearDown" finished-at="2024-01-18T11:21:00 IST" duration-ms="409" status="PASS">
          <reporter-output>
          </reporter-output>
        </test-method> <!-- tearDown -->
      </class> <!-- testCase.FlipkartTest -->
    </test> <!-- AmazonFlipkart -->
  </suite> <!-- AmazonFlipkart -->
</testng-results>
