<?xml version="1.0" encoding="UTF-8"?>
<!-- Generated by org.testng.reporters.JUnitXMLReporter -->
<testsuite ignored="0" hostname="DESKTOP-C3N885J" failures="0" tests="3" name="AmazonFlipkart" time="33.184" errors="0" timestamp="2024-01-18T11:21:03 IST">
  <testcase classname="testCase.AmazonIphonePriceTest" name="price_compare" time="7.857"/>
  <testcase classname="testCase.FlipkartTest" name="price_compareFlipkart" time="16.108"/>
  <testcase classname="testCase.Test1" name="finaltest" time="0.006"/>
</testsuite> <!-- AmazonFlipkart -->
